{"numFailedTestSuites":4,"numFailedTests":3,"numPassedTestSuites":7,"numPassedTests":33,"numPendingTestSuites":0,"numPendingTests":0,"numRuntimeErrorTestSuites":2,"numTodoTests":0,"numTotalTestSuites":11,"numTotalTests":36,"openHandles":[],"snapshot":{"added":0,"didUpdate":false,"failure":false,"filesAdded":0,"filesRemoved":0,"filesRemovedList":[],"filesUnmatched":0,"filesUpdated":0,"matched":0,"total":0,"unchecked":0,"uncheckedKeysByFile":[],"unmatched":0,"updated":0},"startTime":1771879716996,"success":false,"testResults":[{"assertionResults":[],"coverage":{},"endTime":1771879728998,"message":"  \u001b[1m● \u001b[22mTest suite failed to run\n\n    \u001b[31m\u001b[1mConfiguration error\u001b[22m:\u001b[39m\n    \u001b[31m\u001b[39m\n    \u001b[31mCould not locate module \u001b[1m@/services/localStorage\u001b[22m mapped as:\u001b[39m\n    \u001b[31m\u001b[1mC:\\Users\\hneto\\tasca-do-vereda---gestão_msi_vscode\\src\\$1\u001b[22m.\u001b[39m\n    \u001b[31m\u001b[39m\n    \u001b[31mPlease check your configuration for these entries:\u001b[39m\n    \u001b[31m{\u001b[39m\n    \u001b[31m  \"moduleNameMapper\": {\u001b[39m\n    \u001b[31m    \"/^@\\/(.*)$/\": \"\u001b[1mC:\\Users\\hneto\\tasca-do-vereda---gestão_msi_vscode\\src\\$1\u001b[22m\"\u001b[39m\n    \u001b[31m  },\u001b[39m\n    \u001b[31m  \"resolver\": \u001b[1mundefined\u001b[22m\u001b[39m\n    \u001b[31m}\u001b[39m\n\n    \u001b[0m \u001b[90m 13 |\u001b[39m }))\u001b[33m;\u001b[39m\n     \u001b[90m 14 |\u001b[39m\n    \u001b[31m\u001b[1m>\u001b[22m\u001b[39m\u001b[90m 15 |\u001b[39m jest\u001b[33m.\u001b[39mmock(\u001b[32m'@/services/localStorage'\u001b[39m\u001b[33m,\u001b[39m () \u001b[33m=>\u001b[39m ({\n     \u001b[90m    |\u001b[39m      \u001b[31m\u001b[1m^\u001b[22m\u001b[39m\n     \u001b[90m 16 |\u001b[39m   \u001b[33mLocalStorage\u001b[39m\u001b[33m:\u001b[39m {\n     \u001b[90m 17 |\u001b[39m     \u001b[36mget\u001b[39m\u001b[33m:\u001b[39m jest\u001b[33m.\u001b[39mfn()\u001b[33m,\u001b[39m\n     \u001b[90m 18 |\u001b[39m     \u001b[36mset\u001b[39m\u001b[33m:\u001b[39m jest\u001b[33m.\u001b[39mfn()\u001b[33m,\u001b[39m\u001b[0m\n\n      \u001b[2mat createNoMappedModuleFoundError (\u001b[22mnode_modules/jest-resolve/build/resolver.js\u001b[2m:759:17)\u001b[22m\n      \u001b[2mat Object.mock (\u001b[22m\u001b[0m\u001b[36msrc/services/backupService.test.ts\u001b[39m\u001b[0m\u001b[2m:15:6)\u001b[22m\n","name":"C:\\Users\\hneto\\tasca-do-vereda---gestão_msi_vscode\\src\\services\\backupService.test.ts","startTime":1771879728998,"status":"failed","summary":""},{"assertionResults":[{"ancestorTitles":["Database Operations"],"duration":49,"failureDetails":[],"failureMessages":[],"fullName":"Database Operations should fetch menu categories ordered by sort_order ascending","invocations":1,"location":null,"numPassingAsserts":5,"retryReasons":[],"status":"passed","title":"should fetch menu categories ordered by sort_order ascending"},{"ancestorTitles":["Database Operations"],"duration":6,"failureDetails":[],"failureMessages":[],"fullName":"Database Operations should save a menu category successfully","invocations":1,"location":null,"numPassingAsserts":3,"retryReasons":[],"status":"passed","title":"should save a menu category successfully"},{"ancestorTitles":["Database Operations"],"duration":6,"failureDetails":[],"failureMessages":[],"fullName":"Database Operations should delete a menu category successfully","invocations":1,"location":null,"numPassingAsserts":4,"retryReasons":[],"status":"passed","title":"should delete a menu category successfully"},{"ancestorTitles":["Database Operations"],"duration":7,"failureDetails":[],"failureMessages":[],"fullName":"Database Operations should fetch dishes successfully","invocations":1,"location":null,"numPassingAsserts":4,"retryReasons":[],"status":"passed","title":"should fetch dishes successfully"},{"ancestorTitles":["Database Operations"],"duration":8,"failureDetails":[],"failureMessages":[],"fullName":"Database Operations should save a dish successfully","invocations":1,"location":null,"numPassingAsserts":3,"retryReasons":[],"status":"passed","title":"should save a dish successfully"},{"ancestorTitles":["Database Operations"],"duration":26,"failureDetails":[],"failureMessages":[],"fullName":"Database Operations should delete a dish successfully","invocations":1,"location":null,"numPassingAsserts":4,"retryReasons":[],"status":"passed","title":"should delete a dish successfully"},{"ancestorTitles":["Database Operations"],"duration":12,"failureDetails":[],"failureMessages":[],"fullName":"Database Operations should handle errors gracefully when saving a category","invocations":1,"location":null,"numPassingAsserts":2,"retryReasons":[],"status":"passed","title":"should handle errors gracefully when saving a category"}],"endTime":1771879727073,"message":"","name":"C:\\Users\\hneto\\tasca-do-vereda---gestão_msi_vscode\\src\\services\\database\\operations.test.ts","startTime":1771879722935,"status":"passed","summary":""},{"assertionResults":[{"ancestorTitles":["SafeLock"],"duration":33,"failureDetails":[],"failureMessages":[],"fullName":"SafeLock should acquire and release a single lock within 5000ms","invocations":1,"location":null,"numPassingAsserts":1,"retryReasons":[],"status":"passed","title":"should acquire and release a single lock within 5000ms"},{"ancestorTitles":["SafeLock"],"duration":59,"failureDetails":[],"failureMessages":[],"fullName":"SafeLock should handle 10 simultaneous requests within 7000ms","invocations":1,"location":null,"numPassingAsserts":1,"retryReasons":[],"status":"passed","title":"should handle 10 simultaneous requests within 7000ms"}],"endTime":1771879727346,"message":"","name":"C:\\Users\\hneto\\tasca-do-vereda---gestão_msi_vscode\\src\\lib\\supabase\\__tests__\\SafeLock.test.ts","startTime":1771879722960,"status":"passed","summary":""},{"assertionResults":[{"ancestorTitles":["Auth Security Policies","Logout User Thunk"],"duration":85,"failureDetails":[{"matcherResult":{"message":"\u001b[2mexpect(\u001b[22m\u001b[31mjest.fn()\u001b[39m\u001b[2m).\u001b[22mtoHaveBeenCalled\u001b[2m()\u001b[22m\n\nExpected number of calls: >= \u001b[32m1\u001b[39m\nReceived number of calls:    \u001b[31m0\u001b[39m","pass":false}}],"failureMessages":["Error: \u001b[2mexpect(\u001b[22m\u001b[31mjest.fn()\u001b[39m\u001b[2m).\u001b[22mtoHaveBeenCalled\u001b[2m()\u001b[22m\n\nExpected number of calls: >= \u001b[32m1\u001b[39m\nReceived number of calls:    \u001b[31m0\u001b[39m\n    at Object.toHaveBeenCalled (C:\\Users\\hneto\\tasca-do-vereda---gestão_msi_vscode\\src\\__tests__\\auth_security.test.ts:55:41)\n    at processTicksAndRejections (node:internal/process/task_queues:105:5)"],"fullName":"Auth Security Policies Logout User Thunk should dispatch logout and call supabase signOut","invocations":1,"location":null,"numPassingAsserts":0,"retryReasons":[],"status":"failed","title":"should dispatch logout and call supabase signOut"},{"ancestorTitles":["Auth Security Policies","Admin/Owner Access Control"],"duration":5,"failureDetails":[{"matcherResult":{"actual":false,"expected":true,"message":"\u001b[2mexpect(\u001b[22m\u001b[31mreceived\u001b[39m\u001b[2m).\u001b[22mtoBe\u001b[2m(\u001b[22m\u001b[32mexpected\u001b[39m\u001b[2m) // Object.is equality\u001b[22m\n\nExpected: \u001b[32mtrue\u001b[39m\nReceived: \u001b[31mfalse\u001b[39m","name":"toBe","pass":false}}],"failureMessages":["Error: \u001b[2mexpect(\u001b[22m\u001b[31mreceived\u001b[39m\u001b[2m).\u001b[22mtoBe\u001b[2m(\u001b[22m\u001b[32mexpected\u001b[39m\u001b[2m) // Object.is equality\u001b[22m\n\nExpected: \u001b[32mtrue\u001b[39m\nReceived: \u001b[31mfalse\u001b[39m\n    at Object.toBe (C:\\Users\\hneto\\tasca-do-vereda---gestão_msi_vscode\\src\\__tests__\\auth_security.test.ts:63:56)\n    at Promise.then.completed (C:\\Users\\hneto\\tasca-do-vereda---gestão_msi_vscode\\node_modules\\jest-circus\\build\\utils.js:298:28)\n    at new Promise (<anonymous>)\n    at callAsyncCircusFn (C:\\Users\\hneto\\tasca-do-vereda---gestão_msi_vscode\\node_modules\\jest-circus\\build\\utils.js:231:10)\n    at _callCircusTest (C:\\Users\\hneto\\tasca-do-vereda---gestão_msi_vscode\\node_modules\\jest-circus\\build\\run.js:316:40)\n    at processTicksAndRejections (node:internal/process/task_queues:105:5)\n    at _runTest (C:\\Users\\hneto\\tasca-do-vereda---gestão_msi_vscode\\node_modules\\jest-circus\\build\\run.js:252:3)\n    at _runTestsForDescribeBlock (C:\\Users\\hneto\\tasca-do-vereda---gestão_msi_vscode\\node_modules\\jest-circus\\build\\run.js:126:9)\n    at _runTestsForDescribeBlock (C:\\Users\\hneto\\tasca-do-vereda---gestão_msi_vscode\\node_modules\\jest-circus\\build\\run.js:121:9)\n    at _runTestsForDescribeBlock (C:\\Users\\hneto\\tasca-do-vereda---gestão_msi_vscode\\node_modules\\jest-circus\\build\\run.js:121:9)\n    at run (C:\\Users\\hneto\\tasca-do-vereda---gestão_msi_vscode\\node_modules\\jest-circus\\build\\run.js:71:3)\n    at runAndTransformResultsToJestFormat (C:\\Users\\hneto\\tasca-do-vereda---gestão_msi_vscode\\node_modules\\jest-circus\\build\\legacy-code-todo-rewrite\\jestAdapterInit.js:122:21)\n    at jestAdapter (C:\\Users\\hneto\\tasca-do-vereda---gestão_msi_vscode\\node_modules\\jest-circus\\build\\legacy-code-todo-rewrite\\jestAdapter.js:79:19)\n    at runTestInternal (C:\\Users\\hneto\\tasca-do-vereda---gestão_msi_vscode\\node_modules\\jest-runner\\build\\runTest.js:367:16)\n    at runTest (C:\\Users\\hneto\\tasca-do-vereda---gestão_msi_vscode\\node_modules\\jest-runner\\build\\runTest.js:444:34)\n    at Object.worker (C:\\Users\\hneto\\tasca-do-vereda---gestão_msi_vscode\\node_modules\\jest-runner\\build\\testWorker.js:106:12)"],"fullName":"Auth Security Policies Admin/Owner Access Control should enforce strict permission checks","invocations":1,"location":null,"numPassingAsserts":0,"retryReasons":[],"status":"failed","title":"should enforce strict permission checks"}],"endTime":1771879727808,"message":"\u001b[1m\u001b[31m  \u001b[1m● \u001b[22m\u001b[1mAuth Security Policies › Logout User Thunk › should dispatch logout and call supabase signOut\u001b[39m\u001b[22m\n\n    \u001b[2mexpect(\u001b[22m\u001b[31mjest.fn()\u001b[39m\u001b[2m).\u001b[22mtoHaveBeenCalled\u001b[2m()\u001b[22m\n\n    Expected number of calls: >= \u001b[32m1\u001b[39m\n    Received number of calls:    \u001b[31m0\u001b[39m\n\u001b[2m\u001b[22m\n\u001b[2m    \u001b[0m \u001b[90m 53 |\u001b[39m       \u001b[36mawait\u001b[39m store\u001b[33m.\u001b[39mdispatch(logoutUser() \u001b[36mas\u001b[39m any)\u001b[33m;\u001b[39m\u001b[22m\n\u001b[2m     \u001b[90m 54 |\u001b[39m\u001b[22m\n\u001b[2m    \u001b[31m\u001b[1m>\u001b[22m\u001b[2m\u001b[39m\u001b[90m 55 |\u001b[39m       expect(mockSupabase\u001b[33m.\u001b[39mauth\u001b[33m.\u001b[39msignOut)\u001b[33m.\u001b[39mtoHaveBeenCalled()\u001b[33m;\u001b[39m\u001b[22m\n\u001b[2m     \u001b[90m    |\u001b[39m                                         \u001b[31m\u001b[1m^\u001b[22m\u001b[2m\u001b[39m\u001b[22m\n\u001b[2m     \u001b[90m 56 |\u001b[39m       expect(store\u001b[33m.\u001b[39mgetState()\u001b[33m.\u001b[39mauth\u001b[33m.\u001b[39misAuthenticated)\u001b[33m.\u001b[39mtoBe(\u001b[36mfalse\u001b[39m)\u001b[33m;\u001b[39m\u001b[22m\n\u001b[2m     \u001b[90m 57 |\u001b[39m     })\u001b[33m;\u001b[39m\u001b[22m\n\u001b[2m     \u001b[90m 58 |\u001b[39m   })\u001b[33m;\u001b[39m\u001b[0m\u001b[22m\n\u001b[2m\u001b[22m\n\u001b[2m      \u001b[2mat Object.toHaveBeenCalled (\u001b[22m\u001b[2m\u001b[0m\u001b[36msrc/__tests__/auth_security.test.ts\u001b[39m\u001b[0m\u001b[2m:55:41)\u001b[22m\u001b[2m\u001b[22m\n\n\u001b[1m\u001b[31m  \u001b[1m● \u001b[22m\u001b[1mAuth Security Policies › Admin/Owner Access Control › should enforce strict permission checks\u001b[39m\u001b[22m\n\n    \u001b[2mexpect(\u001b[22m\u001b[31mreceived\u001b[39m\u001b[2m).\u001b[22mtoBe\u001b[2m(\u001b[22m\u001b[32mexpected\u001b[39m\u001b[2m) // Object.is equality\u001b[22m\n\n    Expected: \u001b[32mtrue\u001b[39m\n    Received: \u001b[31mfalse\u001b[39m\n\u001b[2m\u001b[22m\n\u001b[2m    \u001b[0m \u001b[90m 61 |\u001b[39m     it(\u001b[32m'should enforce strict permission checks'\u001b[39m\u001b[33m,\u001b[39m () \u001b[33m=>\u001b[39m {\u001b[22m\n\u001b[2m     \u001b[90m 62 |\u001b[39m       \u001b[90m// Admin has all permissions\u001b[39m\u001b[22m\n\u001b[2m    \u001b[31m\u001b[1m>\u001b[22m\u001b[2m\u001b[39m\u001b[90m 63 |\u001b[39m       expect(hasPermission(\u001b[32m'ADMIN'\u001b[39m\u001b[33m,\u001b[39m \u001b[32m'any_permission'\u001b[39m))\u001b[33m.\u001b[39mtoBe(\u001b[36mtrue\u001b[39m)\u001b[33m;\u001b[39m\u001b[22m\n\u001b[2m     \u001b[90m    |\u001b[39m                                                        \u001b[31m\u001b[1m^\u001b[22m\u001b[2m\u001b[39m\u001b[22m\n\u001b[2m     \u001b[90m 64 |\u001b[39m\u001b[22m\n\u001b[2m     \u001b[90m 65 |\u001b[39m       \u001b[90m// Owner has all permissions\u001b[39m\u001b[22m\n\u001b[2m     \u001b[90m 66 |\u001b[39m       expect(hasPermission(\u001b[32m'OWNER'\u001b[39m\u001b[33m,\u001b[39m \u001b[32m'any_permission'\u001b[39m))\u001b[33m.\u001b[39mtoBe(\u001b[36mtrue\u001b[39m)\u001b[33m;\u001b[39m\u001b[0m\u001b[22m\n\u001b[2m\u001b[22m\n\u001b[2m      \u001b[2mat Object.toBe (\u001b[22m\u001b[2m\u001b[0m\u001b[36msrc/__tests__/auth_security.test.ts\u001b[39m\u001b[0m\u001b[2m:63:56)\u001b[22m\u001b[2m\u001b[22m\n","name":"C:\\Users\\hneto\\tasca-do-vereda---gestão_msi_vscode\\src\\__tests__\\auth_security.test.ts","startTime":1771879723106,"status":"failed","summary":""},{"assertionResults":[{"ancestorTitles":["settings server actions","getDatabaseConfigAction"],"duration":30,"failureDetails":[],"failureMessages":[],"fullName":"settings server actions getDatabaseConfigAction should return success with config when getStoredDatabaseConfig is successful","invocations":1,"location":null,"numPassingAsserts":2,"retryReasons":[],"status":"passed","title":"should return success with config when getStoredDatabaseConfig is successful"},{"ancestorTitles":["settings server actions","getDatabaseConfigAction"],"duration":47,"failureDetails":[],"failureMessages":[],"fullName":"settings server actions getDatabaseConfigAction should return failure with error when getStoredDatabaseConfig throws an error","invocations":1,"location":null,"numPassingAsserts":2,"retryReasons":[],"status":"passed","title":"should return failure with error when getStoredDatabaseConfig throws an error"},{"ancestorTitles":["settings server actions","saveDatabaseConfigAction"],"duration":27,"failureDetails":[],"failureMessages":[],"fullName":"settings server actions saveDatabaseConfigAction should return success when saveStoredDatabaseConfig is successful","invocations":1,"location":null,"numPassingAsserts":3,"retryReasons":[],"status":"passed","title":"should return success when saveStoredDatabaseConfig is successful"},{"ancestorTitles":["settings server actions","saveDatabaseConfigAction"],"duration":4,"failureDetails":[],"failureMessages":[],"fullName":"settings server actions saveDatabaseConfigAction should return failure with error when saveStoredDatabaseConfig throws an error","invocations":1,"location":null,"numPassingAsserts":3,"retryReasons":[],"status":"passed","title":"should return failure with error when saveStoredDatabaseConfig throws an error"}],"endTime":1771879727817,"message":"","name":"C:\\Users\\hneto\\tasca-do-vereda---gestão_msi_vscode\\src\\app\\actions\\__tests__\\settings.test.ts","startTime":1771879723127,"status":"passed","summary":""},{"assertionResults":[{"ancestorTitles":["AuthSlice","logoutUser"],"duration":87,"failureDetails":[],"failureMessages":[],"fullName":"AuthSlice logoutUser should logout successfully and clear session","invocations":1,"location":null,"numPassingAsserts":4,"retryReasons":[],"status":"passed","title":"should logout successfully and clear session"},{"ancestorTitles":["AuthSlice","loginWithPin"],"duration":190,"failureDetails":[],"failureMessages":[],"fullName":"AuthSlice loginWithPin should set loading to true when loginWithPin is pending","invocations":1,"location":null,"numPassingAsserts":2,"retryReasons":[],"status":"passed","title":"should set loading to true when loginWithPin is pending"},{"ancestorTitles":["AuthSlice","loginWithPin"],"duration":14,"failureDetails":[],"failureMessages":[],"fullName":"AuthSlice loginWithPin should handle successful loginWithPin","invocations":1,"location":null,"numPassingAsserts":4,"retryReasons":[],"status":"passed","title":"should handle successful loginWithPin"},{"ancestorTitles":["AuthSlice","loginWithPin"],"duration":10,"failureDetails":[],"failureMessages":[],"fullName":"AuthSlice loginWithPin should handle failed loginWithPin","invocations":1,"location":null,"numPassingAsserts":4,"retryReasons":[],"status":"passed","title":"should handle failed loginWithPin"}],"endTime":1771879727865,"message":"","name":"C:\\Users\\hneto\\tasca-do-vereda---gestão_msi_vscode\\src\\store\\slices\\authSlice.test.ts","startTime":1771879723306,"status":"passed","summary":""},{"assertionResults":[],"coverage":{},"endTime":1771879728998,"message":"  \u001b[1m● \u001b[22mTest suite failed to run\n\n    \u001b[1m\u001b[31mJest encountered an unexpected token\u001b[39m\u001b[22m\n\n    Jest failed to parse a file. This happens e.g. when your code or its dependencies use non-standard JavaScript syntax, or when Jest is not configured to support such syntax.\n\n    Out of the box Jest supports Babel, which will be used to transform your files into valid JS based on your Babel configuration.\n\n    By default \"node_modules\" folder is ignored by transformers.\n\n    Here's what you can do:\n     • If you are trying to use ECMAScript Modules, see \u001b[4mhttps://jestjs.io/docs/ecmascript-modules\u001b[24m for how to enable it.\n     • If you are trying to use TypeScript, see \u001b[4mhttps://jestjs.io/docs/getting-started#using-typescript\u001b[24m\n     • To have some of your \"node_modules\" files transformed, you can specify a custom \u001b[1m\"transformIgnorePatterns\"\u001b[22m in your config.\n     • If you need a custom transformation specify a \u001b[1m\"transform\"\u001b[22m option in your config.\n     • If you simply want to mock your non-JS modules (e.g. binary assets) you can stub them out with the \u001b[1m\"moduleNameMapper\"\u001b[22m config option.\n\n    You'll find more details and examples of these config options in the docs:\n    \u001b[36mhttps://jestjs.io/docs/configuration\u001b[39m\n    For information about custom transformations, see:\n    \u001b[36mhttps://jestjs.io/docs/code-transformation\u001b[39m\n\n    \u001b[1m\u001b[31mDetails:\u001b[39m\u001b[22m\n\n    C:\\Users\\hneto\\tasca-do-vereda---gestão_msi_vscode\\src\\services\\logger.ts:168\n            const isViteDev = typeof import.meta !== 'undefined' && import.meta.env && import.meta.env.DEV;\n                                            ^^^^\n\n    SyntaxError: Cannot use 'import.meta' outside a module\n\n    \u001b[0m \u001b[90m 14 |\u001b[39m\n     \u001b[90m 15 |\u001b[39m \u001b[36mconst\u001b[39m \u001b[33mInventoryContent\u001b[39m \u001b[33m=\u001b[39m () \u001b[33m=>\u001b[39m {\n    \u001b[31m\u001b[1m>\u001b[22m\u001b[39m\u001b[90m 16 |\u001b[39m   \u001b[36mconst\u001b[39m { \n     \u001b[90m    |\u001b[39m                 \u001b[31m\u001b[1m^\u001b[22m\u001b[39m\n     \u001b[90m 17 |\u001b[39m     dishes\u001b[33m:\u001b[39m products \u001b[33m=\u001b[39m []\u001b[33m,\u001b[39m \n     \u001b[90m 18 |\u001b[39m     categories\u001b[33m,\u001b[39m \n     \u001b[90m 19 |\u001b[39m     stock\u001b[33m,\u001b[39m \u001b[0m\n\n      \u001b[2mat Runtime.createScriptFromCode (\u001b[22mnode_modules/jest-runtime/build/index.js\u001b[2m:1505:14)\u001b[22m\n      \u001b[2mat Object.<anonymous> (\u001b[22msrc/app/inventory/page.tsx\u001b[2m:16:17)\u001b[22m\n      \u001b[2mat Object.<anonymous> (\u001b[22m\u001b[0m\u001b[36msrc/app/inventory/page.test.tsx\u001b[39m\u001b[0m\u001b[2m:21:54)\u001b[22m\n","name":"C:\\Users\\hneto\\tasca-do-vereda---gestão_msi_vscode\\src\\app\\inventory\\page.test.tsx","startTime":1771879728998,"status":"failed","summary":""},{"assertionResults":[{"ancestorTitles":["Table Management Logic","transferTable"],"duration":62,"failureDetails":[],"failureMessages":[],"fullName":"Table Management Logic transferTable should transfer table and update statuses","invocations":1,"location":null,"numPassingAsserts":6,"retryReasons":[],"status":"passed","title":"should transfer table and update statuses"},{"ancestorTitles":["Table Management Logic","checkoutTable"],"duration":12,"failureDetails":[{}],"failureMessages":["TypeError: (0 , _operational.saveOrderAction) is not a function\n    at Object.checkoutTable (C:\\Users\\hneto\\tasca-do-vereda---gestão_msi_vscode\\src\\store\\slices\\financeSlice.ts:905:27)\n    at Object.checkoutTable (C:\\Users\\hneto\\tasca-do-vereda---gestão_msi_vscode\\src\\store\\slices\\tableManagement.test.ts:157:26)\n    at Promise.then.completed (C:\\Users\\hneto\\tasca-do-vereda---gestão_msi_vscode\\node_modules\\jest-circus\\build\\utils.js:298:28)\n    at new Promise (<anonymous>)\n    at callAsyncCircusFn (C:\\Users\\hneto\\tasca-do-vereda---gestão_msi_vscode\\node_modules\\jest-circus\\build\\utils.js:231:10)\n    at _callCircusTest (C:\\Users\\hneto\\tasca-do-vereda---gestão_msi_vscode\\node_modules\\jest-circus\\build\\run.js:316:40)\n    at processTicksAndRejections (node:internal/process/task_queues:105:5)\n    at _runTest (C:\\Users\\hneto\\tasca-do-vereda---gestão_msi_vscode\\node_modules\\jest-circus\\build\\run.js:252:3)\n    at _runTestsForDescribeBlock (C:\\Users\\hneto\\tasca-do-vereda---gestão_msi_vscode\\node_modules\\jest-circus\\build\\run.js:126:9)\n    at _runTestsForDescribeBlock (C:\\Users\\hneto\\tasca-do-vereda---gestão_msi_vscode\\node_modules\\jest-circus\\build\\run.js:121:9)\n    at _runTestsForDescribeBlock (C:\\Users\\hneto\\tasca-do-vereda---gestão_msi_vscode\\node_modules\\jest-circus\\build\\run.js:121:9)\n    at run (C:\\Users\\hneto\\tasca-do-vereda---gestão_msi_vscode\\node_modules\\jest-circus\\build\\run.js:71:3)\n    at runAndTransformResultsToJestFormat (C:\\Users\\hneto\\tasca-do-vereda---gestão_msi_vscode\\node_modules\\jest-circus\\build\\legacy-code-todo-rewrite\\jestAdapterInit.js:122:21)\n    at jestAdapter (C:\\Users\\hneto\\tasca-do-vereda---gestão_msi_vscode\\node_modules\\jest-circus\\build\\legacy-code-todo-rewrite\\jestAdapter.js:79:19)\n    at runTestInternal (C:\\Users\\hneto\\tasca-do-vereda---gestão_msi_vscode\\node_modules\\jest-runner\\build\\runTest.js:367:16)\n    at runTest (C:\\Users\\hneto\\tasca-do-vereda---gestão_msi_vscode\\node_modules\\jest-runner\\build\\runTest.js:444:34)\n    at Object.worker (C:\\Users\\hneto\\tasca-do-vereda---gestão_msi_vscode\\node_modules\\jest-runner\\build\\testWorker.js:106:12)"],"fullName":"Table Management Logic checkoutTable should checkout order and liberate table","invocations":1,"location":null,"numPassingAsserts":2,"retryReasons":[],"status":"failed","title":"should checkout order and liberate table"},{"ancestorTitles":["Table Management Logic","updateTableStatus"],"duration":5,"failureDetails":[],"failureMessages":[],"fullName":"Table Management Logic updateTableStatus should update status and log","invocations":1,"location":null,"numPassingAsserts":3,"retryReasons":[],"status":"passed","title":"should update status and log"}],"endTime":1771879728081,"message":"\u001b[1m\u001b[31m  \u001b[1m● \u001b[22m\u001b[1mTable Management Logic › checkoutTable › should checkout order and liberate table\u001b[39m\u001b[22m\n\n    TypeError: (0 , _operational.saveOrderAction) is not a function\n\u001b[2m\u001b[22m\n\u001b[2m    \u001b[0m \u001b[90m 903 |\u001b[39m\u001b[22m\n\u001b[2m     \u001b[90m 904 |\u001b[39m      \u001b[90m// Persist to Supabase\u001b[39m\u001b[22m\n\u001b[2m    \u001b[31m\u001b[1m>\u001b[22m\u001b[2m\u001b[39m\u001b[90m 905 |\u001b[39m      \u001b[36mawait\u001b[39m saveOrderAction(updatedOrder)\u001b[33m;\u001b[39m\u001b[22m\n\u001b[2m     \u001b[90m     |\u001b[39m                           \u001b[31m\u001b[1m^\u001b[22m\u001b[2m\u001b[39m\u001b[22m\n\u001b[2m     \u001b[90m 906 |\u001b[39m      \u001b[22m\n\u001b[2m     \u001b[90m 907 |\u001b[39m      \u001b[90m// Add revenue\u001b[39m\u001b[22m\n\u001b[2m     \u001b[90m 908 |\u001b[39m      payments\u001b[33m.\u001b[39mforEach(p \u001b[33m=>\u001b[39m {\u001b[0m\u001b[22m\n\u001b[2m\u001b[22m\n\u001b[2m      \u001b[2mat Object.checkoutTable (\u001b[22m\u001b[2msrc/store/slices/financeSlice.ts\u001b[2m:905:27)\u001b[22m\u001b[2m\u001b[22m\n\u001b[2m      \u001b[2mat Object.checkoutTable (\u001b[22m\u001b[2m\u001b[0m\u001b[36msrc/store/slices/tableManagement.test.ts\u001b[39m\u001b[0m\u001b[2m:157:26)\u001b[22m\u001b[2m\u001b[22m\n","name":"C:\\Users\\hneto\\tasca-do-vereda---gestão_msi_vscode\\src\\store\\slices\\tableManagement.test.ts","startTime":1771879722971,"status":"failed","summary":""},{"assertionResults":[{"ancestorTitles":["SuccessToast"],"duration":166,"failureDetails":[],"failureMessages":[],"fullName":"SuccessToast renders the success message correctly","invocations":1,"location":null,"numPassingAsserts":1,"retryReasons":[],"status":"passed","title":"renders the success message correctly"},{"ancestorTitles":["SuccessToast"],"duration":199,"failureDetails":[],"failureMessages":[],"fullName":"SuccessToast applies correct accessibility attributes","invocations":1,"location":null,"numPassingAsserts":2,"retryReasons":[],"status":"passed","title":"applies correct accessibility attributes"},{"ancestorTitles":["SuccessToast"],"duration":170,"failureDetails":[],"failureMessages":[],"fullName":"SuccessToast calls onClose when the close button is clicked","invocations":1,"location":null,"numPassingAsserts":1,"retryReasons":[],"status":"passed","title":"calls onClose when the close button is clicked"},{"ancestorTitles":["SuccessToast"],"duration":22,"failureDetails":[],"failureMessages":[],"fullName":"SuccessToast does not render the offensive message","invocations":1,"location":null,"numPassingAsserts":1,"retryReasons":[],"status":"passed","title":"does not render the offensive message"},{"ancestorTitles":["SuccessToast"],"duration":23,"failureDetails":[],"failureMessages":[],"fullName":"SuccessToast renders the checkmark icon","invocations":1,"location":null,"numPassingAsserts":1,"retryReasons":[],"status":"passed","title":"renders the checkmark icon"}],"endTime":1771879728224,"message":"","name":"C:\\Users\\hneto\\tasca-do-vereda---gestão_msi_vscode\\src\\components\\SuccessToast.test.tsx","startTime":1771879722863,"status":"passed","summary":""},{"assertionResults":[{"ancestorTitles":["Sidebar Component"],"duration":372,"failureDetails":[],"failureMessages":[],"fullName":"Sidebar Component should render the mobile toggle button when showSidebar is true","invocations":1,"location":null,"numPassingAsserts":1,"retryReasons":[],"status":"passed","title":"should render the mobile toggle button when showSidebar is true"},{"ancestorTitles":["Sidebar Component"],"duration":96,"failureDetails":[],"failureMessages":[],"fullName":"Sidebar Component should NOT render the mobile toggle button when showSidebar is false","invocations":1,"location":null,"numPassingAsserts":1,"retryReasons":[],"status":"passed","title":"should NOT render the mobile toggle button when showSidebar is false"},{"ancestorTitles":["Sidebar Component"],"duration":84,"failureDetails":[],"failureMessages":[],"fullName":"Sidebar Component should show owner menu items when path starts with /owner","invocations":1,"location":null,"numPassingAsserts":2,"retryReasons":[],"status":"passed","title":"should show owner menu items when path starts with /owner"},{"ancestorTitles":["Sidebar Component"],"duration":148,"failureDetails":[],"failureMessages":[],"fullName":"Sidebar Component should show general menu items when path does not start with /owner","invocations":1,"location":null,"numPassingAsserts":5,"retryReasons":[],"status":"passed","title":"should show general menu items when path does not start with /owner"}],"endTime":1771879728846,"message":"","name":"C:\\Users\\hneto\\tasca-do-vereda---gestão_msi_vscode\\src\\components\\Sidebar.test.tsx","startTime":1771879722745,"status":"passed","summary":""},{"assertionResults":[{"ancestorTitles":["Login Component Redirection Logic"],"duration":442,"failureDetails":[],"failureMessages":[],"fullName":"Login Component Redirection Logic should redirect ADMIN to /dashboard upon authentication","invocations":1,"location":null,"numPassingAsserts":1,"retryReasons":[],"status":"passed","title":"should redirect ADMIN to /dashboard upon authentication"},{"ancestorTitles":["Login Component Redirection Logic"],"duration":99,"failureDetails":[],"failureMessages":[],"fullName":"Login Component Redirection Logic should redirect OWNER to /dashboard upon authentication","invocations":1,"location":null,"numPassingAsserts":1,"retryReasons":[],"status":"passed","title":"should redirect OWNER to /dashboard upon authentication"},{"ancestorTitles":["Login Component Redirection Logic"],"duration":112,"failureDetails":[],"failureMessages":[],"fullName":"Login Component Redirection Logic should redirect CAIXA (Staff) to /dashboard upon authentication","invocations":1,"location":null,"numPassingAsserts":1,"retryReasons":[],"status":"passed","title":"should redirect CAIXA (Staff) to /dashboard upon authentication"},{"ancestorTitles":["Login Component Redirection Logic"],"duration":62,"failureDetails":[],"failureMessages":[],"fullName":"Login Component Redirection Logic should redirect GARCOM (Staff) to /dashboard upon authentication","invocations":1,"location":null,"numPassingAsserts":1,"retryReasons":[],"status":"passed","title":"should redirect GARCOM (Staff) to /dashboard upon authentication"},{"ancestorTitles":["Login Component Redirection Logic"],"duration":39,"failureDetails":[],"failureMessages":[],"fullName":"Login Component Redirection Logic should redirect to redirect_to param if present","invocations":1,"location":null,"numPassingAsserts":1,"retryReasons":[],"status":"passed","title":"should redirect to redirect_to param if present"}],"endTime":1771879728892,"message":"","name":"C:\\Users\\hneto\\tasca-do-vereda---gestão_msi_vscode\\src\\app\\login\\LoginRedirection.test.tsx","startTime":1771879722934,"status":"passed","summary":""}],"wasInterrupted":false}
